<?xml version="1.0" encoding="UTF-8"?>
<!-- Generated by org.testng.reporters.JUnitReportReporter -->
<testsuite hostname="QC-DuyNDT" failures="0" tests="1" name="TTCH_C8165_prod.CAU_HINH.DM_LoaiTrangBi" time="30.848" errors="0" timestamp="2024-05-08T15:50:37 ICT" skipped="0">
  <testcase classname="TTCH_C8165_prod.CAU_HINH.DM_LoaiTrangBi" name="CreateLoaiTrangBi" time="30.848"/>
  <system-out/>
</testsuite> <!-- TTCH_C8165_prod.CAU_HINH.DM_LoaiTrangBi -->
